<?xml version="1.0" encoding="UTF-8"?>
<testng-results ignored="0" total="3" passed="3" failed="0" skipped="0">
  <reporter-output>
  </reporter-output>
  <suite started-at="2024-10-14T14:38:13 IST" name="Default suite" finished-at="2024-10-14T14:38:36 IST" duration-ms="22983">
    <groups>
      <group name="cucumber">
        <method signature="AbstractTestNGCucumberTests.runScenario(io.cucumber.testng.PickleWrapper,io.cucumber.testng.FeatureWrapper)[pri:0, instance:runners.TestRunner@cecf639]" name="runScenario" class="io.cucumber.testng.AbstractTestNGCucumberTests"/>
      </group> <!-- cucumber -->
    </groups>
    <test started-at="2024-10-14T14:38:13 IST" name="Default test" finished-at="2024-10-14T14:38:36 IST" duration-ms="22983">
      <class name="runners.TestRunner">
        <test-method is-config="true" signature="setUpClass(org.testng.ITestContext)[pri:0, instance:runners.TestRunner@cecf639]" started-at="2024-10-14T14:38:13 IST" name="setUpClass" finished-at="2024-10-14T14:38:14 IST" duration-ms="297" status="PASS">
          <params>
            <param index="0">
              <value>
                <![CDATA[org.testng.TestRunner@15605d83]]>
              </value>
            </param>
          </params>
          <reporter-output>
          </reporter-output>
        </test-method> <!-- setUpClass -->
        <test-method signature="runScenario(io.cucumber.testng.PickleWrapper,io.cucumber.testng.FeatureWrapper)[pri:0, instance:runners.TestRunner@cecf639]" started-at="2024-10-14T14:38:14 IST" name="runScenario" description="Runs Cucumber Scenarios" data-provider="scenarios" finished-at="2024-10-14T14:38:25 IST" duration-ms="10976" status="PASS">
          <params>
            <param index="0">
              <value>
                <![CDATA["launch homepage and search product"]]>
              </value>
            </param>
            <param index="1">
              <value>
                <![CDATA["launch homepage"]]>
              </value>
            </param>
          </params>
          <reporter-output>
          </reporter-output>
        </test-method> <!-- runScenario -->
        <test-method signature="runScenario(io.cucumber.testng.PickleWrapper,io.cucumber.testng.FeatureWrapper)[pri:0, instance:runners.TestRunner@cecf639]" started-at="2024-10-14T14:38:25 IST" name="runScenario" description="Runs Cucumber Scenarios" data-provider="scenarios" finished-at="2024-10-14T14:38:36 IST" duration-ms="11265" status="PASS">
          <params>
            <param index="0">
              <value>
                <![CDATA["verify elements on item listing page"]]>
              </value>
            </param>
            <param index="1">
              <value>
                <![CDATA["item listing page"]]>
              </value>
            </param>
          </params>
          <reporter-output>
          </reporter-output>
        </test-method> <!-- runScenario -->
        <test-method signature="runScenario(io.cucumber.testng.PickleWrapper,io.cucumber.testng.FeatureWrapper)[pri:0, instance:runners.TestRunner@cecf639]" started-at="2024-10-14T14:38:36 IST" name="runScenario" description="Runs Cucumber Scenarios" data-provider="scenarios" finished-at="2024-10-14T14:38:36 IST" duration-ms="101" status="PASS">
          <params>
            <param index="0">
              <value>
                <![CDATA["verify shopping caet page feature"]]>
              </value>
            </param>
            <param index="1">
              <value>
                <![CDATA["Shopping cart page feature"]]>
              </value>
            </param>
          </params>
          <reporter-output>
          </reporter-output>
        </test-method> <!-- runScenario -->
        <test-method is-config="true" signature="tearDown()[pri:0, instance:runners.TestRunner@cecf639]" started-at="2024-10-14T14:38:36 IST" name="tearDown" finished-at="2024-10-14T14:38:36 IST" duration-ms="297" status="PASS">
          <reporter-output>
          </reporter-output>
        </test-method> <!-- tearDown -->
        <test-method is-config="true" signature="tearDownClass()[pri:0, instance:runners.TestRunner@cecf639]" started-at="2024-10-14T14:38:36 IST" name="tearDownClass" finished-at="2024-10-14T14:38:36 IST" duration-ms="10" status="PASS">
          <reporter-output>
          </reporter-output>
        </test-method> <!-- tearDownClass -->
      </class> <!-- runners.TestRunner -->
    </test> <!-- Default test -->
  </suite> <!-- Default suite -->
</testng-results>
